\BOOKMARK [1][-]{section.1}{\376\377\000C\000a\000l\000c\000u\000l\000u\000s}{}% 1
\BOOKMARK [2][-]{subsection.1.1}{\376\377\000D\000i\000f\000f\000e\000r\000e\000n\000t\000i\000a\000t\000i\000o\000n}{section.1}% 2
\BOOKMARK [1][-]{section.2}{\376\377\000S\000e\000r\000i\000e\000s}{}% 3
\BOOKMARK [1][-]{section.3}{\376\377\000M\000u\000l\000t\000i\000v\000a\000r\000i\000a\000b\000l\000e\000\040\000C\000a\000l\000c\000u\000l\000u\000s}{}% 4
\BOOKMARK [1][-]{section.4}{\376\377\000L\000i\000n\000e\000a\000r\000\040\000A\000l\000g\000e\000b\000r\000a}{}% 5
\BOOKMARK [1][-]{section.5}{\376\377\000D\000i\000f\000f\000e\000r\000e\000n\000t\000i\000a\000l\000\040\000E\000q\000u\000a\000t\000i\000o\000n\000s}{}% 6
\BOOKMARK [1][-]{section.6}{\376\377\000P\000a\000r\000t\000i\000a\000l\000\040\000D\000i\000f\000f\000e\000r\000e\000n\000t\000i\000a\000l\000\040\000E\000q\000u\000a\000t\000i\000o\000n\000s}{}% 7
\BOOKMARK [1][-]{section.7}{\376\377\000V\000e\000c\000t\000o\000r\000\040\000C\000a\000l\000c\000u\000l\000u\000s}{}% 8
\BOOKMARK [2][-]{subsection.7.1}{\376\377\000O\000p\000e\000r\000a\000t\000o\000r\000s}{section.7}% 9
\BOOKMARK [3][-]{subsubsection.7.1.1}{\376\377\000G\000r\000a\000d}{subsection.7.1}% 10
\BOOKMARK [3][-]{subsubsection.7.1.2}{\376\377\000D\000i\000v}{subsection.7.1}% 11
\BOOKMARK [3][-]{subsubsection.7.1.3}{\376\377\000C\000u\000r\000l}{subsection.7.1}% 12
\BOOKMARK [3][-]{subsubsection.7.1.4}{\376\377\000L\000a\000p\000l\000a\000c\000i\000a\000n}{subsection.7.1}% 13
\BOOKMARK [2][-]{subsection.7.2}{\376\377\000I\000n\000t\000e\000g\000r\000a\000l\000\040\000T\000h\000e\000o\000r\000e\000m\000s}{section.7}% 14
\BOOKMARK [3][-]{subsubsection.7.2.1}{\376\377\000D\000i\000v\000e\000r\000g\000e\000n\000c\000e\000\040\000T\000h\000e\000o\000r\000e\000m}{subsection.7.2}% 15
\BOOKMARK [3][-]{subsubsection.7.2.2}{\376\377\000S\000t\000o\000k\000e\000s\000'\000s\000\040\000T\000h\000e\000o\000r\000e\000m}{subsection.7.2}% 16
\BOOKMARK [1][-]{section.8}{\376\377\000F\000l\000u\000i\000d\000\040\000M\000e\000c\000h\000a\000n\000i\000c\000s}{}% 17
\BOOKMARK [2][-]{subsection.8.1}{\376\377\000K\000i\000n\000e\000m\000a\000t\000i\000c\000s}{section.8}% 18
\BOOKMARK [3][-]{subsubsection.8.1.1}{\376\377\000C\000o\000o\000r\000d\000i\000n\000a\000t\000e\000s}{subsection.8.1}% 19
\BOOKMARK [3][-]{subsubsection.8.1.2}{\376\377\000V\000e\000l\000o\000c\000i\000t\000y}{subsection.8.1}% 20
\BOOKMARK [3][-]{subsubsection.8.1.3}{\376\377\000S\000t\000a\000g\000n\000a\000t\000i\000o\000n\000\040\000P\000o\000i\000n\000t\000s}{subsection.8.1}% 21
\BOOKMARK [3][-]{subsubsection.8.1.4}{\376\377\000S\000t\000r\000e\000a\000m\000l\000i\000n\000e\000s}{subsection.8.1}% 22
\BOOKMARK [3][-]{subsubsection.8.1.5}{\376\377\000P\000a\000r\000t\000i\000c\000l\000e\000\040\000P\000a\000t\000h\000s}{subsection.8.1}% 23
\BOOKMARK [3][-]{subsubsection.8.1.6}{\376\377\000S\000t\000e\000a\000d\000y\000\040\000F\000l\000o\000w}{subsection.8.1}% 24
\BOOKMARK [3][-]{subsubsection.8.1.7}{\376\377\000C\000o\000n\000v\000e\000c\000t\000i\000v\000e\000\040\000D\000e\000r\000i\000v\000a\000t\000i\000v\000e}{subsection.8.1}% 25
\BOOKMARK [3][-]{subsubsection.8.1.8}{\376\377\000V\000o\000r\000t\000i\000c\000i\000t\000y}{subsection.8.1}% 26
\BOOKMARK [3][-]{subsubsection.8.1.9}{\376\377\000I\000n\000c\000o\000m\000p\000r\000e\000s\000s\000i\000b\000l\000e\000\040\000F\000l\000o\000w}{subsection.8.1}% 27
\BOOKMARK [3][-]{subsubsection.8.1.10}{\376\377\000V\000e\000l\000o\000c\000i\000t\000y\000\040\000P\000o\000t\000e\000n\000t\000i\000a\000l}{subsection.8.1}% 28
\BOOKMARK [3][-]{subsubsection.8.1.11}{\376\377\000E\000q\000u\000i\000p\000o\000t\000e\000n\000t\000i\000a\000l\000\040\000S\000u\000r\000f\000a\000c\000e\000s}{subsection.8.1}% 29
\BOOKMARK [3][-]{subsubsection.8.1.12}{\376\377\000T\000h\000e\000\040\000S\000t\000r\000e\000a\000m\000\040\000F\000u\000n\000c\000t\000i\000o\000n}{subsection.8.1}% 30
\BOOKMARK [2][-]{subsection.8.2}{\376\377\000P\000r\000e\000s\000s\000u\000r\000e\000\040\000i\000n\000\040\000a\000\040\000F\000l\000u\000i\000d}{section.8}% 31
\BOOKMARK [3][-]{subsubsection.8.2.1}{\376\377\000P\000r\000e\000s\000s\000u\000r\000e\000\040\000a\000n\000d\000\040\000F\000o\000r\000c\000e}{subsection.8.2}% 32
\BOOKMARK [3][-]{subsubsection.8.2.2}{\376\377\000E\000q\000u\000a\000t\000i\000o\000n\000s\000\040\000o\000f\000\040\000S\000t\000a\000t\000e}{subsection.8.2}% 33
\BOOKMARK [3][-]{subsubsection.8.2.3}{\376\377\000H\000y\000d\000r\000o\000s\000t\000a\000t\000i\000c\000s}{subsection.8.2}% 34
\BOOKMARK [3][-]{subsubsection.8.2.4}{\376\377\000B\000u\000o\000y\000a\000n\000c\000y}{subsection.8.2}% 35
\BOOKMARK [3][-]{subsubsection.8.2.5}{\376\377\000O\000s\000c\000i\000l\000l\000a\000t\000i\000o\000n\000\040\000o\000f\000\040\000a\000\040\000F\000l\000o\000a\000t\000i\000n\000g\000\040\000B\000o\000d\000y}{subsection.8.2}% 36
\BOOKMARK [2][-]{subsection.8.3}{\376\377\000F\000l\000o\000w\000\040\000D\000y\000n\000a\000m\000i\000c\000s}{section.8}% 37
\BOOKMARK [3][-]{subsubsection.8.3.1}{\376\377\000R\000e\000y\000n\000o\000l\000d\000s\000\040\000T\000r\000a\000n\000s\000p\000o\000r\000t\000\040\000T\000h\000e\000o\000r\000e\000m}{subsection.8.3}% 38
\BOOKMARK [3][-]{subsubsection.8.3.2}{\376\377\000C\000o\000n\000s\000e\000r\000v\000a\000t\000i\000o\000n\000\040\000o\000f\000\040\000M\000a\000s\000s}{subsection.8.3}% 39
\BOOKMARK [2][-]{subsection.8.4}{\376\377\000T\000o\000w\000-\000d\000i\000m\000e\000n\000s\000i\000o\000n\000a\000l\000\040\000F\000l\000o\000w}{section.8}% 40
\BOOKMARK [2][-]{subsection.8.5}{\376\377\000V\000o\000r\000t\000i\000c\000i\000t\000y\000\040\000D\000y\000n\000a\000m\000i\000c\000s}{section.8}% 41
\BOOKMARK [2][-]{subsection.8.6}{\376\377\000F\000r\000e\000e\000\040\000S\000u\000r\000f\000a\000c\000e\000\040\000W\000a\000v\000e\000s}{section.8}% 42
\BOOKMARK [1][-]{section.9}{\376\377\000N\000u\000m\000e\000r\000i\000c\000a\000l\000\040\000M\000e\000t\000h\000o\000d\000s}{}% 43
